10/02/2021 5:55:01 PM	Ce journal contient des informations sur l'importation du schéma dans le projet 'DBCommerce' sur l'ordinateur 'ZOULI' par l'utilisateur 'MediaMonster'.
10/02/2021 5:55:01 PM	L'importation du schéma de base de données a commencé.
10/02/2021 5:55:36 PM	Collecte des informations d'identification à la base de données
10/02/2021 5:55:36 PM	Collecte des options de la base de données
10/02/2021 5:55:36 PM	Collecte des utilisateurs
10/02/2021 5:55:36 PM	Collecte des rôles
10/02/2021 5:55:36 PM	Collecte des rôles d'application
10/02/2021 5:55:36 PM	Collecte des appartenances aux rôles
10/02/2021 5:55:36 PM	Collecte des groupes de fichiers
10/02/2021 5:55:36 PM	Collecte des catalogues de recherche en texte intégral
10/02/2021 5:55:36 PM	Collecte des assemblys
10/02/2021 5:55:36 PM	Collecte des certificats
10/02/2021 5:55:37 PM	Collecte des clés asymétriques
10/02/2021 5:55:37 PM	Collecte des clés symétriques
10/02/2021 5:55:37 PM	Collecte des clés symétriques chiffrées
10/02/2021 5:55:37 PM	Collecte des schémas
10/02/2021 5:55:37 PM	Collecte des collections de schémas XML
10/02/2021 5:55:37 PM	Collecte des types de données définis par l'utilisateur
10/02/2021 5:55:37 PM	Collecte des types définis par l'utilisateur
10/02/2021 5:55:37 PM	Collecte des types de tables
10/02/2021 5:55:37 PM	Collecte des clés uniques des types de tables
10/02/2021 5:55:37 PM	Collecte des clés primaires pour les types de tables
10/02/2021 5:55:37 PM	Collecte d'index pour types de tables
10/02/2021 5:55:37 PM	Collecte des contraintes de validation pour les types de tables
10/02/2021 5:55:37 PM	Collecte des contraintes par défaut pour les types de tables
10/02/2021 5:55:37 PM	Collecte des fonctions de partition
10/02/2021 5:55:37 PM	Collecte des schémas de partition
10/02/2021 5:56:52 PM	Collecte des fonctions
10/02/2021 5:56:53 PM	Collecte de fonctions cryptées
10/02/2021 5:57:07 PM	Collecte des agrégats
10/02/2021 5:57:23 PM	Collecte des procédures
10/02/2021 5:57:24 PM	Collecte de procédures cryptées
10/02/2021 5:57:24 PM	Collecte des tables
10/02/2021 5:57:25 PM	Collecte des clés primaires
10/02/2021 5:57:25 PM	Collecte des contraintes uniques
10/02/2021 5:57:26 PM	Collecte des clés étrangères
10/02/2021 5:57:26 PM	Collecte des contraintes par défaut
10/02/2021 5:57:26 PM	Collecte des contraintes de validation
10/02/2021 5:57:26 PM	Collecte des vues
10/02/2021 5:57:26 PM	Collecte de vues cryptées
10/02/2021 5:57:26 PM	Collecte des index
10/02/2021 5:57:26 PM	Collecte des statistiques
10/02/2021 5:57:26 PM	Collecte des listes de mots vides d'index de recherche en texte intégral
10/02/2021 5:57:26 PM	Collecte des listes de propriétés de recherche
10/02/2021 5:57:26 PM	Collecte des propriétés de recherche
10/02/2021 5:57:26 PM	Collecte des index de recherche en texte intégral
10/02/2021 5:57:27 PM	Collecte des index de la banque de colonnes
10/02/2021 5:57:27 PM	Collecte des index spatiaux
10/02/2021 5:57:27 PM	Collecte des index XML
10/02/2021 5:57:27 PM	Collecte d'index XML sélectifs
10/02/2021 5:57:27 PM	Collecte de déclencheurs cryptés
10/02/2021 5:57:27 PM	Collecte des déclencheurs
10/02/2021 5:57:27 PM	Collecte des déclencheurs chiffrés et DDL CLR
10/02/2021 5:57:27 PM	Collecte des DDL triggers
10/02/2021 5:57:27 PM	Collecte des synonymes
10/02/2021 5:57:28 PM	Collecte des valeurs par défaut
10/02/2021 5:57:28 PM	Collecte des liaisons UDDT de contrainte de données
10/02/2021 5:57:28 PM	Collecte des règles
10/02/2021 5:57:28 PM	Collecte des liaisons UDDT de contrainte de données
10/02/2021 5:57:28 PM	Collecte des types de messages
10/02/2021 5:57:28 PM	Collecte des files d'attente
10/02/2021 5:57:28 PM	Collecte des contrats
10/02/2021 5:57:28 PM	Collecte des services
10/02/2021 5:57:29 PM	Collecte des notifications d'événements
10/02/2021 5:57:29 PM	Collecte des liaisons de service distant
10/02/2021 5:57:29 PM	Collecte des priorités de Service Broker
10/02/2021 5:57:29 PM	Collecte des signatures
10/02/2021 5:57:29 PM	Collection des options de compression de données
10/02/2021 5:57:29 PM	Collecte des types de séquences
10/02/2021 5:57:29 PM	Collecte des stratégies de sécurité
10/02/2021 5:57:29 PM	Collecter les clés de chiffrement de colonne
10/02/2021 5:57:29 PM	Collecte des clés principales de colonne
10/02/2021 5:57:29 PM	Collecte des sources de données externes
10/02/2021 5:57:29 PM	Collecte des formats de fichier externes
10/02/2021 5:57:29 PM	Collecte des tables externes
10/02/2021 5:57:29 PM	Collection des propriétés étendues
10/02/2021 5:57:31 PM	Collecte des informations d'identification
10/02/2021 5:57:31 PM	Collecte des connexions
10/02/2021 5:57:31 PM	Collecte des audits du serveur
10/02/2021 5:57:31 PM	Analyse du projet à la recherche des éléments en double
10/02/2021 5:57:33 PM	Fin du traitement des éléments en double
10/02/2021 5:57:33 PM	Importation de la base de données terminée.
10/02/2021 5:57:33 PM	Un résumé de l'opération d'importation a été enregistré à l'emplacement suivant : C:\Users\MediaMonster\Desktop\Ecommerce\DBCommerce\Importer les journaux de schémas\DBCommerce_20210210045501.log.
10/02/2021 5:57:33 PM	Cliquez sur Terminer pour continuer...
